<?xml version="1.0" encoding="UTF-8"?>
<robot generator="Robot 6.0.2 (Python 3.9.6 on win32)" generated="20230511 21:50:55.142" rpa="false" schemaversion="3">
<suite id="s1" name="Hrm" source="C:\Users\Mouhamed Famara SANE\Desktop\Automated\HRM\Tests\Hrm.robot">
<test id="s1-t1" name="Connexion with invalid password" line="14">
<kw name="Connexion" library="HrmLogic">
<arg>${INVALID_CREDENTIALS.username}</arg>
<arg>${INVALID_CREDENTIALS.password}</arg>
<kw name="Open HRM Browser" library="Commun">
<arg>${URL}</arg>
<arg>${Browser}</arg>
<kw name="Open Browser" library="SeleniumLibrary">
<arg>${URL}</arg>
<arg>${Browser}</arg>
<doc>Opens a new browser instance to the optional ``url``.</doc>
<msg timestamp="20230511 21:50:55.452" level="INFO">Opening browser 'chrome' to base url 'https://opensource-demo.orangehrmlive.com/'.</msg>
<msg timestamp="20230511 21:50:55.470" level="INFO">Executing: c:\python39\lib\site-packages\selenium\webdriver\common\windows\selenium-manager.exe --browser chrome --output json</msg>
<status status="PASS" starttime="20230511 21:50:55.451" endtime="20230511 21:51:01.214"/>
</kw>
<kw name="Maximize Browser Window" library="SeleniumLibrary">
<doc>Maximizes current browser window.</doc>
<status status="PASS" starttime="20230511 21:51:01.214" endtime="20230511 21:51:01.335"/>
</kw>
<kw name="Sleep" library="BuiltIn">
<arg>3</arg>
<doc>Pauses the test executed for the given time.</doc>
<msg timestamp="20230511 21:51:04.346" level="INFO">Slept 3 seconds</msg>
<status status="PASS" starttime="20230511 21:51:01.335" endtime="20230511 21:51:04.346"/>
</kw>
<status status="PASS" starttime="20230511 21:50:55.450" endtime="20230511 21:51:04.346"/>
</kw>
<kw name="Click Element" library="SeleniumLibrary">
<arg>xpath: //*[contains(text(), "Username")]</arg>
<doc>Click the element identified by ``locator``.</doc>
<msg timestamp="20230511 21:51:04.347" level="INFO">Clicking element 'xpath: //*[contains(text(), "Username")]'.</msg>
<status status="PASS" starttime="20230511 21:51:04.346" endtime="20230511 21:51:04.410"/>
</kw>
<kw name="Input Text" library="SeleniumLibrary">
<arg>name=username</arg>
<arg>${USERNAME}</arg>
<doc>Types the given ``text`` into the text field identified by ``locator``.</doc>
<msg timestamp="20230511 21:51:04.411" level="INFO">Typing text 'Admin' into text field 'name=username'.</msg>
<status status="PASS" starttime="20230511 21:51:04.410" endtime="20230511 21:51:04.543"/>
</kw>
<kw name="Input Text" library="SeleniumLibrary">
<arg>password</arg>
<arg>${PASSWORD}</arg>
<doc>Types the given ``text`` into the text field identified by ``locator``.</doc>
<msg timestamp="20230511 21:51:04.544" level="INFO">Typing text 'adminSs' into text field 'password'.</msg>
<status status="PASS" starttime="20230511 21:51:04.543" endtime="20230511 21:51:04.663"/>
</kw>
<kw name="Sleep" library="BuiltIn">
<arg>3</arg>
<doc>Pauses the test executed for the given time.</doc>
<msg timestamp="20230511 21:51:07.669" level="INFO">Slept 3 seconds</msg>
<status status="PASS" starttime="20230511 21:51:04.663" endtime="20230511 21:51:07.669"/>
</kw>
<kw name="Click Element" library="SeleniumLibrary">
<arg>xpath: /html/body/div/div[1]/div/div[1]/div/div[2]/div[2]/form/div[3]/button</arg>
<doc>Click the element identified by ``locator``.</doc>
<msg timestamp="20230511 21:51:07.670" level="INFO">Clicking element 'xpath: /html/body/div/div[1]/div/div[1]/div/div[2]/div[2]/form/div[3]/button'.</msg>
<status status="PASS" starttime="20230511 21:51:07.669" endtime="20230511 21:51:07.729"/>
</kw>
<kw name="Sleep" library="BuiltIn">
<arg>3</arg>
<doc>Pauses the test executed for the given time.</doc>
<msg timestamp="20230511 21:51:10.738" level="INFO">Slept 3 seconds</msg>
<status status="PASS" starttime="20230511 21:51:07.729" endtime="20230511 21:51:10.738"/>
</kw>
<status status="PASS" starttime="20230511 21:50:55.448" endtime="20230511 21:51:10.739"/>
</kw>
<kw name="Verification Page" library="Commun">
<arg>${InvalidElement}</arg>
<kw name="Page Should Contain" library="SeleniumLibrary">
<arg>${Element}</arg>
<doc>Verifies that current page contains ``text``.</doc>
<msg timestamp="20230511 21:51:10.763" level="INFO">Current page contains text 'Invalid credentials'.</msg>
<status status="PASS" starttime="20230511 21:51:10.741" endtime="20230511 21:51:10.763"/>
</kw>
<status status="PASS" starttime="20230511 21:51:10.740" endtime="20230511 21:51:10.763"/>
</kw>
<kw name="Closing Browser" library="Commun" type="TEARDOWN">
<kw name="Close All Browsers" library="SeleniumLibrary">
<doc>Closes all open browsers and resets the browser cache.</doc>
<status status="PASS" starttime="20230511 21:51:10.764" endtime="20230511 21:51:17.173"/>
</kw>
<status status="PASS" starttime="20230511 21:51:10.764" endtime="20230511 21:51:17.174"/>
</kw>
<tag>invalid</tag>
<status status="PASS" starttime="20230511 21:50:55.448" endtime="20230511 21:51:17.174"/>
</test>
<status status="PASS" starttime="20230511 21:50:55.145" endtime="20230511 21:51:17.176"/>
</suite>
<statistics>
<total>
<stat pass="1" fail="0" skip="0">All Tests</stat>
</total>
<tag>
<stat pass="1" fail="0" skip="0">invalid</stat>
</tag>
<suite>
<stat pass="1" fail="0" skip="0" id="s1" name="Hrm">Hrm</stat>
</suite>
</statistics>
<errors>
</errors>
</robot>
