<?xml version="1.0" encoding="UTF-8"?>
<robot generator="Robot 6.0.2 (Python 3.9.6 on win32)" generated="20230513 00:54:45.098" rpa="false" schemaversion="3">
<suite id="s1" name="Hrm" source="C:\Users\Mouhamed Famara SANE\Desktop\Automated\Orange-HRM-Automation-main\Orange-HRM-Automation\HRM\Tests\Hrm.robot">
<test id="s1-t1" name="Loggout Successfull" line="19">
<kw name="Connexion" library="HrmLogic">
<arg>${VALID_CREDENTIALS.username}</arg>
<arg>${VALID_CREDENTIALS.password}</arg>
<kw name="Open HRM Browser" library="Commun">
<arg>${URL}</arg>
<arg>${Browser}</arg>
<kw name="Open Browser" library="SeleniumLibrary">
<arg>${URL}</arg>
<arg>${Browser}</arg>
<doc>Opens a new browser instance to the optional ``url``.</doc>
<msg timestamp="20230513 00:54:45.478" level="INFO">Opening browser 'chrome' to base url 'https://opensource-demo.orangehrmlive.com/'.</msg>
<msg timestamp="20230513 00:54:45.492" level="INFO">Applicable driver not found; attempting to install with Selenium Manager (Beta)</msg>
<status status="PASS" starttime="20230513 00:54:45.476" endtime="20230513 00:54:49.621"/>
</kw>
<kw name="Maximize Browser Window" library="SeleniumLibrary">
<doc>Maximizes current browser window.</doc>
<status status="PASS" starttime="20230513 00:54:49.621" endtime="20230513 00:54:49.742"/>
</kw>
<kw name="Sleep" library="BuiltIn">
<arg>3</arg>
<doc>Pauses the test executed for the given time.</doc>
<msg timestamp="20230513 00:54:52.746" level="INFO">Slept 3 seconds</msg>
<status status="PASS" starttime="20230513 00:54:49.742" endtime="20230513 00:54:52.746"/>
</kw>
<status status="PASS" starttime="20230513 00:54:45.475" endtime="20230513 00:54:52.747"/>
</kw>
<kw name="Click Element" library="SeleniumLibrary">
<arg>xpath: //*[contains(text(), "Username")]</arg>
<doc>Click the element identified by ``locator``.</doc>
<msg timestamp="20230513 00:54:52.749" level="INFO">Clicking element 'xpath: //*[contains(text(), "Username")]'.</msg>
<status status="PASS" starttime="20230513 00:54:52.747" endtime="20230513 00:54:52.835"/>
</kw>
<kw name="Input Text" library="SeleniumLibrary">
<arg>name=username</arg>
<arg>${USERNAME}</arg>
<doc>Types the given ``text`` into the text field identified by ``locator``.</doc>
<msg timestamp="20230513 00:54:52.836" level="INFO">Typing text 'Admin' into text field 'name=username'.</msg>
<status status="PASS" starttime="20230513 00:54:52.836" endtime="20230513 00:54:52.961"/>
</kw>
<kw name="Input Text" library="SeleniumLibrary">
<arg>password</arg>
<arg>${PASSWORD}</arg>
<doc>Types the given ``text`` into the text field identified by ``locator``.</doc>
<msg timestamp="20230513 00:54:52.962" level="INFO">Typing text 'admin123' into text field 'password'.</msg>
<status status="PASS" starttime="20230513 00:54:52.961" endtime="20230513 00:54:53.086"/>
</kw>
<kw name="Sleep" library="BuiltIn">
<arg>3</arg>
<doc>Pauses the test executed for the given time.</doc>
<msg timestamp="20230513 00:54:56.100" level="INFO">Slept 3 seconds</msg>
<status status="PASS" starttime="20230513 00:54:53.086" endtime="20230513 00:54:56.100"/>
</kw>
<kw name="Click Element" library="SeleniumLibrary">
<arg>xpath: /html/body/div/div[1]/div/div[1]/div/div[2]/div[2]/form/div[3]/button</arg>
<doc>Click the element identified by ``locator``.</doc>
<msg timestamp="20230513 00:54:56.101" level="INFO">Clicking element 'xpath: /html/body/div/div[1]/div/div[1]/div/div[2]/div[2]/form/div[3]/button'.</msg>
<status status="PASS" starttime="20230513 00:54:56.100" endtime="20230513 00:54:56.159"/>
</kw>
<kw name="Sleep" library="BuiltIn">
<arg>3</arg>
<doc>Pauses the test executed for the given time.</doc>
<msg timestamp="20230513 00:54:59.171" level="INFO">Slept 3 seconds</msg>
<status status="PASS" starttime="20230513 00:54:56.159" endtime="20230513 00:54:59.171"/>
</kw>
<status status="PASS" starttime="20230513 00:54:45.473" endtime="20230513 00:54:59.171"/>
</kw>
<kw name="Deconnexion" library="HrmLogic">
<kw name="Click Element" library="SeleniumLibrary">
<arg>class=oxd-userdropdown-name</arg>
<doc>Click the element identified by ``locator``.</doc>
<msg timestamp="20230513 00:54:59.173" level="INFO">Clicking element 'class=oxd-userdropdown-name'.</msg>
<status status="PASS" starttime="20230513 00:54:59.173" endtime="20230513 00:54:59.251"/>
</kw>
<kw name="Click Link" library="SeleniumLibrary">
<arg>Logout</arg>
<doc>Clicks a link identified by ``locator``.</doc>
<msg timestamp="20230513 00:54:59.253" level="INFO">Clicking link 'Logout'.</msg>
<status status="PASS" starttime="20230513 00:54:59.252" endtime="20230513 00:54:59.909"/>
</kw>
<kw name="Sleep" library="BuiltIn">
<arg>3</arg>
<doc>Pauses the test executed for the given time.</doc>
<msg timestamp="20230513 00:55:02.914" level="INFO">Slept 3 seconds</msg>
<status status="PASS" starttime="20230513 00:54:59.909" endtime="20230513 00:55:02.914"/>
</kw>
<status status="PASS" starttime="20230513 00:54:59.172" endtime="20230513 00:55:02.915"/>
</kw>
<kw name="Closing Browser" library="Commun" type="TEARDOWN">
<kw name="Close All Browsers" library="SeleniumLibrary">
<doc>Closes all open browsers and resets the browser cache.</doc>
<status status="PASS" starttime="20230513 00:55:02.917" endtime="20230513 00:55:09.391"/>
</kw>
<status status="PASS" starttime="20230513 00:55:02.916" endtime="20230513 00:55:09.392"/>
</kw>
<tag>decon</tag>
<status status="PASS" starttime="20230513 00:54:45.472" endtime="20230513 00:55:09.393"/>
</test>
<status status="PASS" starttime="20230513 00:54:45.101" endtime="20230513 00:55:09.399"/>
</suite>
<statistics>
<total>
<stat pass="1" fail="0" skip="0">All Tests</stat>
</total>
<tag>
<stat pass="1" fail="0" skip="0">decon</stat>
</tag>
<suite>
<stat pass="1" fail="0" skip="0" id="s1" name="Hrm">Hrm</stat>
</suite>
</statistics>
<errors>
</errors>
</robot>
