<?xml version="1.0" encoding="UTF-8"?>
<robot generator="Robot 6.0.2 (Python 3.9.6 on win32)" generated="20230515 20:44:59.770" rpa="false" schemaversion="3">
<suite id="s1" name="AdminLogic" source="C:\Users\Mouhamed Famara SANE\Desktop\Automated\Orange-HRM-Automation-main\Orange-HRM-Automation\HRM\Tests\Administration\AdminLogic.robot">
<test id="s1-t1" name="Test" line="39">
<kw name="Add a customer on Admin Page">
<kw name="Connexion" library="HrmLogic">
<arg>${VALID_CREDENTIALS.username}</arg>
<arg>${VALID_CREDENTIALS.password}</arg>
<kw name="Open HRM Browser" library="Commun">
<arg>${URL}</arg>
<arg>${Browser}</arg>
<kw name="Open Browser" library="SeleniumLibrary">
<arg>${URL}</arg>
<arg>${Browser}</arg>
<doc>Opens a new browser instance to the optional ``url``.</doc>
<msg timestamp="20230515 20:45:00.108" level="INFO">Opening browser 'chrome' to base url 'https://opensource-demo.orangehrmlive.com/'.</msg>
<msg timestamp="20230515 20:45:00.122" level="INFO">Applicable driver not found; attempting to install with Selenium Manager (Beta)</msg>
<status status="PASS" starttime="20230515 20:45:00.107" endtime="20230515 20:45:04.400"/>
</kw>
<kw name="Maximize Browser Window" library="SeleniumLibrary">
<doc>Maximizes current browser window.</doc>
<status status="PASS" starttime="20230515 20:45:04.400" endtime="20230515 20:45:04.529"/>
</kw>
<kw name="Sleep" library="BuiltIn">
<arg>3</arg>
<doc>Pauses the test executed for the given time.</doc>
<msg timestamp="20230515 20:45:07.533" level="INFO">Slept 3 seconds</msg>
<status status="PASS" starttime="20230515 20:45:04.529" endtime="20230515 20:45:07.533"/>
</kw>
<status status="PASS" starttime="20230515 20:45:00.106" endtime="20230515 20:45:07.533"/>
</kw>
<kw name="Click Element" library="SeleniumLibrary">
<arg>xpath: //*[contains(text(), "Username")]</arg>
<doc>Click the element identified by ``locator``.</doc>
<msg timestamp="20230515 20:45:07.534" level="INFO">Clicking element 'xpath: //*[contains(text(), "Username")]'.</msg>
<status status="PASS" starttime="20230515 20:45:07.533" endtime="20230515 20:45:07.593"/>
</kw>
<kw name="Input Text" library="SeleniumLibrary">
<arg>name=username</arg>
<arg>${USERNAME}</arg>
<doc>Types the given ``text`` into the text field identified by ``locator``.</doc>
<msg timestamp="20230515 20:45:07.595" level="INFO">Typing text 'Admin' into text field 'name=username'.</msg>
<status status="PASS" starttime="20230515 20:45:07.594" endtime="20230515 20:45:07.734"/>
</kw>
<kw name="Input Text" library="SeleniumLibrary">
<arg>password</arg>
<arg>${PASSWORD}</arg>
<doc>Types the given ``text`` into the text field identified by ``locator``.</doc>
<msg timestamp="20230515 20:45:07.735" level="INFO">Typing text 'admin123' into text field 'password'.</msg>
<status status="PASS" starttime="20230515 20:45:07.734" endtime="20230515 20:45:07.876"/>
</kw>
<kw name="Sleep" library="BuiltIn">
<arg>3</arg>
<doc>Pauses the test executed for the given time.</doc>
<msg timestamp="20230515 20:45:10.890" level="INFO">Slept 3 seconds</msg>
<status status="PASS" starttime="20230515 20:45:07.876" endtime="20230515 20:45:10.890"/>
</kw>
<kw name="Click Element" library="SeleniumLibrary">
<arg>xpath: /html/body/div/div[1]/div/div[1]/div/div[2]/div[2]/form/div[3]/button</arg>
<doc>Click the element identified by ``locator``.</doc>
<msg timestamp="20230515 20:45:10.891" level="INFO">Clicking element 'xpath: /html/body/div/div[1]/div/div[1]/div/div[2]/div[2]/form/div[3]/button'.</msg>
<status status="PASS" starttime="20230515 20:45:10.890" endtime="20230515 20:45:12.197"/>
</kw>
<kw name="Sleep" library="BuiltIn">
<arg>3</arg>
<doc>Pauses the test executed for the given time.</doc>
<msg timestamp="20230515 20:45:15.205" level="INFO">Slept 3 seconds</msg>
<status status="PASS" starttime="20230515 20:45:12.197" endtime="20230515 20:45:15.205"/>
</kw>
<status status="PASS" starttime="20230515 20:45:00.102" endtime="20230515 20:45:15.205"/>
</kw>
<kw name="Click Link" library="SeleniumLibrary">
<arg>xpath=//a[@href="/web/index.php/admin/viewAdminModule"]</arg>
<doc>Clicks a link identified by ``locator``.</doc>
<msg timestamp="20230515 20:45:15.207" level="INFO">Clicking link 'xpath=//a[@href="/web/index.php/admin/viewAdminModule"]'.</msg>
<status status="PASS" starttime="20230515 20:45:15.205" endtime="20230515 20:45:15.930"/>
</kw>
<kw name="Sleep" library="BuiltIn">
<arg>3</arg>
<doc>Pauses the test executed for the given time.</doc>
<msg timestamp="20230515 20:45:18.933" level="INFO">Slept 3 seconds</msg>
<status status="PASS" starttime="20230515 20:45:15.930" endtime="20230515 20:45:18.933"/>
</kw>
<kw name="Click Element" library="SeleniumLibrary">
<arg>xpath: //*[@id="app"]/div[1]/div[2]/div[2]/div/div[2]/div[1]/button</arg>
<doc>Click the element identified by ``locator``.</doc>
<msg timestamp="20230515 20:45:18.936" level="INFO">Clicking element 'xpath: //*[@id="app"]/div[1]/div[2]/div[2]/div/div[2]/div[1]/button'.</msg>
<status status="PASS" starttime="20230515 20:45:18.934" endtime="20230515 20:45:19.430"/>
</kw>
<kw name="Sleep" library="BuiltIn">
<arg>5</arg>
<doc>Pauses the test executed for the given time.</doc>
<msg timestamp="20230515 20:45:24.437" level="INFO">Slept 5 seconds</msg>
<status status="PASS" starttime="20230515 20:45:19.430" endtime="20230515 20:45:24.437"/>
</kw>
<kw name="Click Element" library="SeleniumLibrary">
<arg>xpath: //*[@id="app"]/div[1]/div[2]/div[2]/div/div/form/div[1]/div/div[1]/div/div[2]/div/div/div[2]/i</arg>
<doc>Click the element identified by ``locator``.</doc>
<msg timestamp="20230515 20:45:24.438" level="INFO">Clicking element 'xpath: //*[@id="app"]/div[1]/div[2]/div[2]/div/div/form/div[1]/div/div[1]/div/div[2]/div/div/div[2]/i'.</msg>
<status status="PASS" starttime="20230515 20:45:24.437" endtime="20230515 20:45:24.503"/>
</kw>
<kw name="Sleep" library="BuiltIn">
<arg>5</arg>
<doc>Pauses the test executed for the given time.</doc>
<msg timestamp="20230515 20:45:29.513" level="INFO">Slept 5 seconds</msg>
<status status="PASS" starttime="20230515 20:45:24.504" endtime="20230515 20:45:29.513"/>
</kw>
<kw name="Click Element" library="SeleniumLibrary">
<arg>xpath: //*[contains(text(), "Admin")]</arg>
<doc>Click the element identified by ``locator``.</doc>
<msg timestamp="20230515 20:45:29.514" level="INFO">Clicking element 'xpath: //*[contains(text(), "Admin")]'.</msg>
<status status="PASS" starttime="20230515 20:45:29.513" endtime="20230515 20:45:29.576"/>
</kw>
<kw name="Sleep" library="BuiltIn">
<arg>5</arg>
<doc>Pauses the test executed for the given time.</doc>
<msg timestamp="20230515 20:45:34.580" level="INFO">Slept 5 seconds</msg>
<status status="PASS" starttime="20230515 20:45:29.576" endtime="20230515 20:45:34.580"/>
</kw>
<kw name="Click Element" library="SeleniumLibrary">
<arg>xpath: //*[@id="app"]/div[1]/div[2]/div[2]/div/div/form/div[1]/div/div[3]/div/div[2]/div/div/div[2]/i</arg>
<doc>Click the element identified by ``locator``.</doc>
<msg timestamp="20230515 20:45:34.583" level="INFO">Clicking element 'xpath: //*[@id="app"]/div[1]/div[2]/div[2]/div/div/form/div[1]/div/div[3]/div/div[2]/div/div/div[2]/i'.</msg>
<status status="PASS" starttime="20230515 20:45:34.581" endtime="20230515 20:45:34.686"/>
</kw>
<kw name="Sleep" library="BuiltIn">
<arg>5</arg>
<doc>Pauses the test executed for the given time.</doc>
<msg timestamp="20230515 20:45:39.687" level="INFO">Slept 5 seconds</msg>
<status status="PASS" starttime="20230515 20:45:34.687" endtime="20230515 20:45:39.687"/>
</kw>
<kw name="Click Element" library="SeleniumLibrary">
<arg>xpath: //*[contains(text(), "Enabled")]</arg>
<doc>Click the element identified by ``locator``.</doc>
<msg timestamp="20230515 20:45:39.689" level="INFO">Clicking element 'xpath: //*[contains(text(), "Enabled")]'.</msg>
<status status="PASS" starttime="20230515 20:45:39.688" endtime="20230515 20:45:39.742"/>
</kw>
<kw name="Sleep" library="BuiltIn">
<arg>5</arg>
<doc>Pauses the test executed for the given time.</doc>
<msg timestamp="20230515 20:45:44.755" level="INFO">Slept 5 seconds</msg>
<status status="PASS" starttime="20230515 20:45:39.742" endtime="20230515 20:45:44.756"/>
</kw>
<kw name="Input Text" library="SeleniumLibrary">
<arg>xpath: //*[@id="app"]/div[1]/div[2]/div[2]/div/div/form/div[1]/div/div[4]/div/div[2]/input</arg>
<arg>Mofsane</arg>
<doc>Types the given ``text`` into the text field identified by ``locator``.</doc>
<msg timestamp="20230515 20:45:44.759" level="INFO">Typing text 'Mofsane' into text field 'xpath: //*[@id="app"]/div[1]/div[2]/div[2]/div/div/form/div[1]/div/div[4]/div/div[2]/input'.</msg>
<status status="PASS" starttime="20230515 20:45:44.757" endtime="20230515 20:45:44.875"/>
</kw>
<kw name="Sleep" library="BuiltIn">
<arg>3</arg>
<doc>Pauses the test executed for the given time.</doc>
<msg timestamp="20230515 20:45:47.882" level="INFO">Slept 3 seconds</msg>
<status status="PASS" starttime="20230515 20:45:44.875" endtime="20230515 20:45:47.882"/>
</kw>
<status status="PASS" starttime="20230515 20:45:00.102" endtime="20230515 20:45:47.882"/>
</kw>
<status status="PASS" starttime="20230515 20:45:00.101" endtime="20230515 20:45:47.883"/>
</test>
<status status="PASS" starttime="20230515 20:44:59.773" endtime="20230515 20:45:47.885"/>
</suite>
<statistics>
<total>
<stat pass="1" fail="0" skip="0">All Tests</stat>
</total>
<tag>
</tag>
<suite>
<stat pass="1" fail="0" skip="0" id="s1" name="AdminLogic">AdminLogic</stat>
</suite>
</statistics>
<errors>
</errors>
</robot>
