<?xml version="1.0" encoding="UTF-8"?>
<robot generator="Robot 6.0.2 (Python 3.9.6 on win32)" generated="20230515 22:17:11.489" rpa="false" schemaversion="3">
<suite id="s1" name="AdminLogic" source="C:\Users\Mouhamed Famara SANE\Desktop\Automated\Orange-HRM-Automation-main\Orange-HRM-Automation\HRM\Tests\Administration\AdminLogic.robot">
<test id="s1-t1" name="Test" line="44">
<kw name="Add a customer on Admin Page">
<kw name="Connexion" library="HrmLogic">
<arg>${VALID_CREDENTIALS.username}</arg>
<arg>${VALID_CREDENTIALS.password}</arg>
<kw name="Open HRM Browser" library="Commun">
<arg>${URL}</arg>
<arg>${Browser}</arg>
<kw name="Open Browser" library="SeleniumLibrary">
<arg>${URL}</arg>
<arg>${Browser}</arg>
<doc>Opens a new browser instance to the optional ``url``.</doc>
<msg timestamp="20230515 22:17:11.830" level="INFO">Opening browser 'chrome' to base url 'https://opensource-demo.orangehrmlive.com/'.</msg>
<msg timestamp="20230515 22:17:11.848" level="INFO">Applicable driver not found; attempting to install with Selenium Manager (Beta)</msg>
<status status="PASS" starttime="20230515 22:17:11.829" endtime="20230515 22:17:24.312"/>
</kw>
<kw name="Maximize Browser Window" library="SeleniumLibrary">
<doc>Maximizes current browser window.</doc>
<status status="PASS" starttime="20230515 22:17:24.312" endtime="20230515 22:17:24.449"/>
</kw>
<kw name="Sleep" library="BuiltIn">
<arg>3</arg>
<doc>Pauses the test executed for the given time.</doc>
<msg timestamp="20230515 22:17:27.465" level="INFO">Slept 3 seconds</msg>
<status status="PASS" starttime="20230515 22:17:24.450" endtime="20230515 22:17:27.465"/>
</kw>
<status status="PASS" starttime="20230515 22:17:11.828" endtime="20230515 22:17:27.466"/>
</kw>
<kw name="Click Element" library="SeleniumLibrary">
<arg>xpath: //*[contains(text(), "Username")]</arg>
<doc>Click the element identified by ``locator``.</doc>
<msg timestamp="20230515 22:17:27.467" level="INFO">Clicking element 'xpath: //*[contains(text(), "Username")]'.</msg>
<status status="PASS" starttime="20230515 22:17:27.466" endtime="20230515 22:17:27.541"/>
</kw>
<kw name="Input Text" library="SeleniumLibrary">
<arg>name=username</arg>
<arg>${USERNAME}</arg>
<doc>Types the given ``text`` into the text field identified by ``locator``.</doc>
<msg timestamp="20230515 22:17:27.542" level="INFO">Typing text 'Admin' into text field 'name=username'.</msg>
<status status="PASS" starttime="20230515 22:17:27.541" endtime="20230515 22:17:27.703"/>
</kw>
<kw name="Input Text" library="SeleniumLibrary">
<arg>password</arg>
<arg>${PASSWORD}</arg>
<doc>Types the given ``text`` into the text field identified by ``locator``.</doc>
<msg timestamp="20230515 22:17:27.704" level="INFO">Typing text 'admin123' into text field 'password'.</msg>
<status status="PASS" starttime="20230515 22:17:27.704" endtime="20230515 22:17:27.845"/>
</kw>
<kw name="Sleep" library="BuiltIn">
<arg>3</arg>
<doc>Pauses the test executed for the given time.</doc>
<msg timestamp="20230515 22:17:30.859" level="INFO">Slept 3 seconds</msg>
<status status="PASS" starttime="20230515 22:17:27.845" endtime="20230515 22:17:30.859"/>
</kw>
<kw name="Click Element" library="SeleniumLibrary">
<arg>xpath: /html/body/div/div[1]/div/div[1]/div/div[2]/div[2]/form/div[3]/button</arg>
<doc>Click the element identified by ``locator``.</doc>
<msg timestamp="20230515 22:17:30.860" level="INFO">Clicking element 'xpath: /html/body/div/div[1]/div/div[1]/div/div[2]/div[2]/form/div[3]/button'.</msg>
<status status="PASS" starttime="20230515 22:17:30.859" endtime="20230515 22:17:30.915"/>
</kw>
<kw name="Sleep" library="BuiltIn">
<arg>3</arg>
<doc>Pauses the test executed for the given time.</doc>
<msg timestamp="20230515 22:17:33.930" level="INFO">Slept 3 seconds</msg>
<status status="PASS" starttime="20230515 22:17:30.915" endtime="20230515 22:17:33.930"/>
</kw>
<status status="PASS" starttime="20230515 22:17:11.825" endtime="20230515 22:17:33.931"/>
</kw>
<kw name="Click Link" library="SeleniumLibrary">
<arg>xpath=//a[@href="/web/index.php/admin/viewAdminModule"]</arg>
<doc>Clicks a link identified by ``locator``.</doc>
<msg timestamp="20230515 22:17:33.938" level="INFO">Clicking link 'xpath=//a[@href="/web/index.php/admin/viewAdminModule"]'.</msg>
<status status="PASS" starttime="20230515 22:17:33.932" endtime="20230515 22:17:35.388"/>
</kw>
<kw name="Sleep" library="BuiltIn">
<arg>3</arg>
<doc>Pauses the test executed for the given time.</doc>
<msg timestamp="20230515 22:17:38.399" level="INFO">Slept 3 seconds</msg>
<status status="PASS" starttime="20230515 22:17:35.388" endtime="20230515 22:17:38.399"/>
</kw>
<kw name="Click Element" library="SeleniumLibrary">
<arg>xpath: //*[@id="app"]/div[1]/div[2]/div[2]/div/div[2]/div[1]/button</arg>
<doc>Click the element identified by ``locator``.</doc>
<msg timestamp="20230515 22:17:38.401" level="INFO">Clicking element 'xpath: //*[@id="app"]/div[1]/div[2]/div[2]/div/div[2]/div[1]/button'.</msg>
<status status="PASS" starttime="20230515 22:17:38.400" endtime="20230515 22:17:38.872"/>
</kw>
<kw name="Sleep" library="BuiltIn">
<arg>5</arg>
<doc>Pauses the test executed for the given time.</doc>
<msg timestamp="20230515 22:17:43.882" level="INFO">Slept 5 seconds</msg>
<status status="PASS" starttime="20230515 22:17:38.873" endtime="20230515 22:17:43.882"/>
</kw>
<kw name="Click Element" library="SeleniumLibrary">
<arg>xpath: //*[@id="app"]/div[1]/div[2]/div[2]/div/div/form/div[1]/div/div[1]/div/div[2]/div/div/div[2]/i</arg>
<doc>Click the element identified by ``locator``.</doc>
<msg timestamp="20230515 22:17:43.882" level="INFO">Clicking element 'xpath: //*[@id="app"]/div[1]/div[2]/div[2]/div/div/form/div[1]/div/div[1]/div/div[2]/div/div/div[2]/i'.</msg>
<status status="PASS" starttime="20230515 22:17:43.882" endtime="20230515 22:17:43.940"/>
</kw>
<kw name="Sleep" library="BuiltIn">
<arg>5</arg>
<doc>Pauses the test executed for the given time.</doc>
<msg timestamp="20230515 22:17:48.952" level="INFO">Slept 5 seconds</msg>
<status status="PASS" starttime="20230515 22:17:43.940" endtime="20230515 22:17:48.952"/>
</kw>
<kw name="Click Element" library="SeleniumLibrary">
<arg>xpath: //*[contains(text(), "Admin")]</arg>
<doc>Click the element identified by ``locator``.</doc>
<msg timestamp="20230515 22:17:48.955" level="INFO">Clicking element 'xpath: //*[contains(text(), "Admin")]'.</msg>
<status status="PASS" starttime="20230515 22:17:48.953" endtime="20230515 22:17:49.086"/>
</kw>
<kw name="Sleep" library="BuiltIn">
<arg>5</arg>
<doc>Pauses the test executed for the given time.</doc>
<msg timestamp="20230515 22:17:54.092" level="INFO">Slept 5 seconds</msg>
<status status="PASS" starttime="20230515 22:17:49.086" endtime="20230515 22:17:54.093"/>
</kw>
<kw name="Click Element" library="SeleniumLibrary">
<arg>xpath: //*[@id="app"]/div[1]/div[2]/div[2]/div/div/form/div[1]/div/div[3]/div/div[2]/div/div/div[2]/i</arg>
<doc>Click the element identified by ``locator``.</doc>
<msg timestamp="20230515 22:17:54.096" level="INFO">Clicking element 'xpath: //*[@id="app"]/div[1]/div[2]/div[2]/div/div/form/div[1]/div/div[3]/div/div[2]/div/div/div[2]/i'.</msg>
<status status="PASS" starttime="20230515 22:17:54.094" endtime="20230515 22:17:54.142"/>
</kw>
<kw name="Sleep" library="BuiltIn">
<arg>5</arg>
<doc>Pauses the test executed for the given time.</doc>
<msg timestamp="20230515 22:17:59.157" level="INFO">Slept 5 seconds</msg>
<status status="PASS" starttime="20230515 22:17:54.142" endtime="20230515 22:17:59.157"/>
</kw>
<kw name="Click Element" library="SeleniumLibrary">
<arg>xpath: //*[contains(text(), "Enabled")]</arg>
<doc>Click the element identified by ``locator``.</doc>
<msg timestamp="20230515 22:17:59.160" level="INFO">Clicking element 'xpath: //*[contains(text(), "Enabled")]'.</msg>
<status status="PASS" starttime="20230515 22:17:59.158" endtime="20230515 22:17:59.211"/>
</kw>
<kw name="Sleep" library="BuiltIn">
<arg>5</arg>
<doc>Pauses the test executed for the given time.</doc>
<msg timestamp="20230515 22:18:04.214" level="INFO">Slept 5 seconds</msg>
<status status="PASS" starttime="20230515 22:17:59.211" endtime="20230515 22:18:04.215"/>
</kw>
<kw name="Input Text" library="SeleniumLibrary">
<arg>xpath: //*[@id="app"]/div[1]/div[2]/div[2]/div/div/form/div[1]/div/div[4]/div/div[2]/input</arg>
<arg>Mofsane</arg>
<doc>Types the given ``text`` into the text field identified by ``locator``.</doc>
<msg timestamp="20230515 22:18:04.218" level="INFO">Typing text 'Mofsane' into text field 'xpath: //*[@id="app"]/div[1]/div[2]/div[2]/div/div/form/div[1]/div/div[4]/div/div[2]/input'.</msg>
<status status="PASS" starttime="20230515 22:18:04.216" endtime="20230515 22:18:04.346"/>
</kw>
<kw name="Sleep" library="BuiltIn">
<arg>3</arg>
<doc>Pauses the test executed for the given time.</doc>
<msg timestamp="20230515 22:18:07.354" level="INFO">Slept 3 seconds</msg>
<status status="PASS" starttime="20230515 22:18:04.346" endtime="20230515 22:18:07.354"/>
</kw>
<kw name="Input Text" library="SeleniumLibrary">
<arg>xpath: //*[@id="app"]/div[1]/div[2]/div[2]/div/div/form/div[2]/div/div[1]/div/div[2]/input</arg>
<arg>Sane1995***</arg>
<doc>Types the given ``text`` into the text field identified by ``locator``.</doc>
<msg timestamp="20230515 22:18:07.358" level="INFO">Typing text 'Sane1995***' into text field 'xpath: //*[@id="app"]/div[1]/div[2]/div[2]/div/div/form/div[2]/div/div[1]/div/div[2]/input'.</msg>
<status status="PASS" starttime="20230515 22:18:07.356" endtime="20230515 22:18:07.487"/>
</kw>
<kw name="Sleep" library="BuiltIn">
<arg>3</arg>
<doc>Pauses the test executed for the given time.</doc>
<msg timestamp="20230515 22:18:10.494" level="INFO">Slept 3 seconds</msg>
<status status="PASS" starttime="20230515 22:18:07.487" endtime="20230515 22:18:10.494"/>
</kw>
<kw name="Input Text" library="SeleniumLibrary">
<arg>xpath: //*[@id="app"]/div[1]/div[2]/div[2]/div/div/form/div[2]/div/div[2]/div/div[2]/input</arg>
<arg>Sane1995***</arg>
<doc>Types the given ``text`` into the text field identified by ``locator``.</doc>
<msg timestamp="20230515 22:18:10.495" level="INFO">Typing text 'Sane1995***' into text field 'xpath: //*[@id="app"]/div[1]/div[2]/div[2]/div/div/form/div[2]/div/div[2]/div/div[2]/input'.</msg>
<status status="PASS" starttime="20230515 22:18:10.494" endtime="20230515 22:18:10.641"/>
</kw>
<kw name="Sleep" library="BuiltIn">
<arg>3</arg>
<doc>Pauses the test executed for the given time.</doc>
<msg timestamp="20230515 22:18:13.653" level="INFO">Slept 3 seconds</msg>
<status status="PASS" starttime="20230515 22:18:10.641" endtime="20230515 22:18:13.653"/>
</kw>
<kw name="Input Text" library="SeleniumLibrary">
<arg>xpath: //*[@id="app"]/div[1]/div[2]/div[2]/div/div/form/div[1]/div/div[2]/div/div[2]/div/div/input</arg>
<arg>Quality</arg>
<doc>Types the given ``text`` into the text field identified by ``locator``.</doc>
<msg timestamp="20230515 22:18:13.655" level="INFO">Typing text 'Quality' into text field 'xpath: //*[@id="app"]/div[1]/div[2]/div[2]/div/div/form/div[1]/div/div[2]/div/div[2]/div/div/input'.</msg>
<status status="PASS" starttime="20230515 22:18:13.654" endtime="20230515 22:18:13.900"/>
</kw>
<kw name="Sleep" library="BuiltIn">
<arg>3</arg>
<doc>Pauses the test executed for the given time.</doc>
<msg timestamp="20230515 22:18:16.903" level="INFO">Slept 3 seconds</msg>
<status status="PASS" starttime="20230515 22:18:13.900" endtime="20230515 22:18:16.903"/>
</kw>
<status status="PASS" starttime="20230515 22:17:11.825" endtime="20230515 22:18:16.904"/>
</kw>
<status status="PASS" starttime="20230515 22:17:11.824" endtime="20230515 22:18:16.905"/>
</test>
<status status="PASS" starttime="20230515 22:17:11.492" endtime="20230515 22:18:16.907"/>
</suite>
<statistics>
<total>
<stat pass="1" fail="0" skip="0">All Tests</stat>
</total>
<tag>
</tag>
<suite>
<stat pass="1" fail="0" skip="0" id="s1" name="AdminLogic">AdminLogic</stat>
</suite>
</statistics>
<errors>
</errors>
</robot>
