<?xml version="1.0" encoding="UTF-8"?>
<robot generator="Robot 6.0.2 (Python 3.11.4 on win32)" generated="20230613 16:45:33.372" rpa="false" schemaversion="3">
<suite id="s1" name="Orange-HRM-Automation" source="C:\Users\monsh\Desktop\Automatisation\Orange-HRM-Automation">
<suite id="s1-s1" name="HRM" source="C:\Users\monsh\Desktop\Automatisation\Orange-HRM-Automation\HRM">
<suite id="s1-s1-s1" name="Tests" source="C:\Users\monsh\Desktop\Automatisation\Orange-HRM-Automation\HRM\Tests">
<suite id="s1-s1-s1-s1" name="Newletter" source="C:\Users\monsh\Desktop\Automatisation\Orange-HRM-Automation\HRM\Tests\Newletter">
<suite id="s1-s1-s1-s1-s1" name="New" source="C:\Users\monsh\Desktop\Automatisation\Orange-HRM-Automation\HRM\Tests\Newletter\New.robot">
<test id="s1-s1-s1-s1-s1-t1" name=" Test the app" line="22">
<kw name="Go to NewLetter Page">
<arg>${TextBox}</arg>
<kw name="Connexion" library="HrmLogic">
<arg>${VALID_CREDENTIALS.username}</arg>
<arg>${VALID_CREDENTIALS.password}</arg>
<kw name="Open HRM Browser" library="Commun">
<arg>${URL}</arg>
<arg>${Browser}</arg>
<kw name="Open Browser" library="SeleniumLibrary">
<arg>${URL}</arg>
<arg>${Browser}</arg>
<doc>Opens a new browser instance to the optional ``url``.</doc>
<msg timestamp="20230613 16:45:33.891" level="INFO">Opening browser 'chrome' to base url 'https://opensource-demo.orangehrmlive.com/'.</msg>
<msg timestamp="20230613 16:45:33.908" level="INFO">Executing: C:\Users\monsh\AppData\Local\Programs\Python\Python311\Lib\site-packages\selenium\webdriver\common\windows\selenium-manager.exe --browser chrome --output json</msg>
<status status="PASS" starttime="20230613 16:45:33.891" endtime="20230613 16:45:38.907"/>
</kw>
<kw name="Maximize Browser Window" library="SeleniumLibrary">
<doc>Maximizes current browser window.</doc>
<status status="PASS" starttime="20230613 16:45:38.907" endtime="20230613 16:45:39.049"/>
</kw>
<kw name="Sleep" library="BuiltIn">
<arg>3</arg>
<doc>Pauses the test executed for the given time.</doc>
<msg timestamp="20230613 16:45:42.049" level="INFO">Slept 3 seconds</msg>
<status status="PASS" starttime="20230613 16:45:39.049" endtime="20230613 16:45:42.050"/>
</kw>
<status status="PASS" starttime="20230613 16:45:33.889" endtime="20230613 16:45:42.051"/>
</kw>
<kw name="Click Element" library="SeleniumLibrary">
<arg>xpath: //*[contains(text(), "Username")]</arg>
<doc>Click the element identified by ``locator``.</doc>
<msg timestamp="20230613 16:45:42.053" level="INFO">Clicking element 'xpath: //*[contains(text(), "Username")]'.</msg>
<status status="PASS" starttime="20230613 16:45:42.051" endtime="20230613 16:45:42.143"/>
</kw>
<kw name="Input Text" library="SeleniumLibrary">
<arg>name=username</arg>
<arg>${USERNAME}</arg>
<doc>Types the given ``text`` into the text field identified by ``locator``.</doc>
<msg timestamp="20230613 16:45:42.145" level="INFO">Typing text 'Admin' into text field 'name=username'.</msg>
<status status="PASS" starttime="20230613 16:45:42.143" endtime="20230613 16:45:42.322"/>
</kw>
<kw name="Input Text" library="SeleniumLibrary">
<arg>password</arg>
<arg>${PASSWORD}</arg>
<doc>Types the given ``text`` into the text field identified by ``locator``.</doc>
<msg timestamp="20230613 16:45:42.326" level="INFO">Typing text 'admin123' into text field 'password'.</msg>
<status status="PASS" starttime="20230613 16:45:42.326" endtime="20230613 16:45:42.499"/>
</kw>
<kw name="Sleep" library="BuiltIn">
<arg>3</arg>
<doc>Pauses the test executed for the given time.</doc>
<msg timestamp="20230613 16:45:45.500" level="INFO">Slept 3 seconds</msg>
<status status="PASS" starttime="20230613 16:45:42.500" endtime="20230613 16:45:45.500"/>
</kw>
<kw name="Click Element" library="SeleniumLibrary">
<arg>xpath: /html/body/div/div[1]/div/div[1]/div/div[2]/div[2]/form/div[3]/button</arg>
<doc>Click the element identified by ``locator``.</doc>
<msg timestamp="20230613 16:45:45.501" level="INFO">Clicking element 'xpath: /html/body/div/div[1]/div/div[1]/div/div[2]/div[2]/form/div[3]/button'.</msg>
<status status="PASS" starttime="20230613 16:45:45.500" endtime="20230613 16:45:46.640"/>
</kw>
<kw name="Sleep" library="BuiltIn">
<arg>3</arg>
<doc>Pauses the test executed for the given time.</doc>
<msg timestamp="20230613 16:45:49.641" level="INFO">Slept 3 seconds</msg>
<status status="PASS" starttime="20230613 16:45:46.640" endtime="20230613 16:45:49.641"/>
</kw>
<status status="PASS" starttime="20230613 16:45:33.887" endtime="20230613 16:45:49.641"/>
</kw>
<kw name="Click Link" library="SeleniumLibrary">
<arg>xpath=//a[@href="/web/index.php/buzz/viewBuzz"]</arg>
<doc>Clicks a link identified by ``locator``.</doc>
<msg timestamp="20230613 16:45:49.645" level="INFO">Clicking link 'xpath=//a[@href="/web/index.php/buzz/viewBuzz"]'.</msg>
<status status="PASS" starttime="20230613 16:45:49.641" endtime="20230613 16:45:50.144"/>
</kw>
<kw name="Sleep" library="BuiltIn">
<arg>3</arg>
<doc>Pauses the test executed for the given time.</doc>
<msg timestamp="20230613 16:45:53.150" level="INFO">Slept 3 seconds</msg>
<status status="PASS" starttime="20230613 16:45:50.144" endtime="20230613 16:45:53.150"/>
</kw>
<kw name="Input Text" library="SeleniumLibrary">
<arg>class=oxd-buzz-post-input</arg>
<arg>${TextBox}</arg>
<doc>Types the given ``text`` into the text field identified by ``locator``.</doc>
<msg timestamp="20230613 16:45:53.150" level="INFO">Typing text 'This is the post i want to do' into text field 'class=oxd-buzz-post-input'.</msg>
<status status="PASS" starttime="20230613 16:45:53.150" endtime="20230613 16:45:53.494"/>
</kw>
<kw name="Sleep" library="BuiltIn">
<arg>3</arg>
<doc>Pauses the test executed for the given time.</doc>
<msg timestamp="20230613 16:45:56.501" level="INFO">Slept 3 seconds</msg>
<status status="PASS" starttime="20230613 16:45:53.494" endtime="20230613 16:45:56.501"/>
</kw>
<kw name="Click Element" library="SeleniumLibrary">
<arg>type=submit</arg>
<doc>Click the element identified by ``locator``.</doc>
<msg timestamp="20230613 16:45:56.501" level="INFO">Clicking element 'type=submit'.</msg>
<msg timestamp="20230613 16:45:56.938" level="INFO" html="true">&lt;/td&gt;&lt;/tr&gt;&lt;tr&gt;&lt;td colspan="3"&gt;&lt;a href="selenium-screenshot-1.png"&gt;&lt;img src="selenium-screenshot-1.png" width="800px"&gt;&lt;/a&gt;</msg>
<msg timestamp="20230613 16:45:56.938" level="FAIL">Element with locator 'type=submit' not found.</msg>
<status status="FAIL" starttime="20230613 16:45:56.501" endtime="20230613 16:45:56.968"/>
</kw>
<kw name="Sleep" library="BuiltIn">
<arg>3</arg>
<doc>Pauses the test executed for the given time.</doc>
<status status="NOT RUN" starttime="20230613 16:45:56.968" endtime="20230613 16:45:56.968"/>
</kw>
<status status="FAIL" starttime="20230613 16:45:33.885" endtime="20230613 16:45:56.968"/>
</kw>
<tag>test</tag>
<status status="FAIL" starttime="20230613 16:45:33.884" endtime="20230613 16:45:56.968">Element with locator 'type=submit' not found.</status>
</test>
<status status="FAIL" starttime="20230613 16:45:33.471" endtime="20230613 16:45:56.968"/>
</suite>
<status status="FAIL" starttime="20230613 16:45:33.465" endtime="20230613 16:45:56.968"/>
</suite>
<status status="FAIL" starttime="20230613 16:45:33.460" endtime="20230613 16:45:56.984"/>
</suite>
<status status="FAIL" starttime="20230613 16:45:33.447" endtime="20230613 16:45:56.984"/>
</suite>
<status status="FAIL" starttime="20230613 16:45:33.380" endtime="20230613 16:45:56.996"/>
</suite>
<statistics>
<total>
<stat pass="0" fail="1" skip="0">All Tests</stat>
</total>
<tag>
<stat pass="0" fail="1" skip="0">test</stat>
</tag>
<suite>
<stat pass="0" fail="1" skip="0" id="s1" name="Orange-HRM-Automation">Orange-HRM-Automation</stat>
<stat pass="0" fail="1" skip="0" id="s1-s1" name="HRM">Orange-HRM-Automation.HRM</stat>
<stat pass="0" fail="1" skip="0" id="s1-s1-s1" name="Tests">Orange-HRM-Automation.HRM.Tests</stat>
<stat pass="0" fail="1" skip="0" id="s1-s1-s1-s1" name="Newletter">Orange-HRM-Automation.HRM.Tests.Newletter</stat>
<stat pass="0" fail="1" skip="0" id="s1-s1-s1-s1-s1" name="New">Orange-HRM-Automation.HRM.Tests.Newletter.New</stat>
</suite>
</statistics>
<errors>
</errors>
</robot>
