<?xml version="1.0" encoding="UTF-8"?>
<robot generator="Robot 6.0.2 (Python 3.11.4 on win32)" generated="20230610 00:08:03.727" rpa="false" schemaversion="3">
<suite id="s1" name="New" source="C:\Users\monsh\Desktop\Automatisation\Orange-HRM-Automation\HRM\Tests\Newletter\New.robot">
<test id="s1-t1" name=" Test the app" line="19">
<kw name="Go to NewLetter Page">
<arg>${TextBox}</arg>
<kw name="Connexion" library="HrmLogic">
<arg>${VALID_CREDENTIALS.username}</arg>
<arg>${VALID_CREDENTIALS.password}</arg>
<kw name="Open HRM Browser" library="Commun">
<arg>${URL}</arg>
<arg>${Browser}</arg>
<kw name="Open Browser" library="SeleniumLibrary">
<arg>${URL}</arg>
<arg>${Browser}</arg>
<doc>Opens a new browser instance to the optional ``url``.</doc>
<msg timestamp="20230610 00:08:04.120" level="INFO">Opening browser 'chrome' to base url 'https://opensource-demo.orangehrmlive.com/'.</msg>
<msg timestamp="20230610 00:08:04.120" level="INFO">Executing: C:\Users\monsh\AppData\Local\Programs\Python\Python311\Lib\site-packages\selenium\webdriver\common\windows\selenium-manager.exe --browser chrome --output json</msg>
<status status="PASS" starttime="20230610 00:08:04.120" endtime="20230610 00:08:53.414"/>
</kw>
<kw name="Maximize Browser Window" library="SeleniumLibrary">
<doc>Maximizes current browser window.</doc>
<status status="PASS" starttime="20230610 00:08:53.414" endtime="20230610 00:08:53.534"/>
</kw>
<kw name="Sleep" library="BuiltIn">
<arg>3</arg>
<doc>Pauses the test executed for the given time.</doc>
<msg timestamp="20230610 00:08:56.534" level="INFO">Slept 3 seconds</msg>
<status status="PASS" starttime="20230610 00:08:53.534" endtime="20230610 00:08:56.534"/>
</kw>
<status status="PASS" starttime="20230610 00:08:04.114" endtime="20230610 00:08:56.534"/>
</kw>
<kw name="Click Element" library="SeleniumLibrary">
<arg>xpath: //*[contains(text(), "Username")]</arg>
<doc>Click the element identified by ``locator``.</doc>
<msg timestamp="20230610 00:08:56.534" level="INFO">Clicking element 'xpath: //*[contains(text(), "Username")]'.</msg>
<status status="PASS" starttime="20230610 00:08:56.534" endtime="20230610 00:08:56.618"/>
</kw>
<kw name="Input Text" library="SeleniumLibrary">
<arg>name=username</arg>
<arg>${USERNAME}</arg>
<doc>Types the given ``text`` into the text field identified by ``locator``.</doc>
<msg timestamp="20230610 00:08:56.620" level="INFO">Typing text 'Admin' into text field 'name=username'.</msg>
<status status="PASS" starttime="20230610 00:08:56.618" endtime="20230610 00:08:56.797"/>
</kw>
<kw name="Input Text" library="SeleniumLibrary">
<arg>password</arg>
<arg>${PASSWORD}</arg>
<doc>Types the given ``text`` into the text field identified by ``locator``.</doc>
<msg timestamp="20230610 00:08:56.800" level="INFO">Typing text 'admin123' into text field 'password'.</msg>
<status status="PASS" starttime="20230610 00:08:56.797" endtime="20230610 00:08:56.960"/>
</kw>
<kw name="Sleep" library="BuiltIn">
<arg>3</arg>
<doc>Pauses the test executed for the given time.</doc>
<msg timestamp="20230610 00:08:59.961" level="INFO">Slept 3 seconds</msg>
<status status="PASS" starttime="20230610 00:08:56.960" endtime="20230610 00:08:59.961"/>
</kw>
<kw name="Click Element" library="SeleniumLibrary">
<arg>xpath: /html/body/div/div[1]/div/div[1]/div/div[2]/div[2]/form/div[3]/button</arg>
<doc>Click the element identified by ``locator``.</doc>
<msg timestamp="20230610 00:08:59.961" level="INFO">Clicking element 'xpath: /html/body/div/div[1]/div/div[1]/div/div[2]/div[2]/form/div[3]/button'.</msg>
<status status="PASS" starttime="20230610 00:08:59.961" endtime="20230610 00:09:01.317"/>
</kw>
<kw name="Sleep" library="BuiltIn">
<arg>3</arg>
<doc>Pauses the test executed for the given time.</doc>
<msg timestamp="20230610 00:09:04.319" level="INFO">Slept 3 seconds</msg>
<status status="PASS" starttime="20230610 00:09:01.319" endtime="20230610 00:09:04.319"/>
</kw>
<status status="PASS" starttime="20230610 00:08:04.114" endtime="20230610 00:09:04.319"/>
</kw>
<kw name="Click Link" library="SeleniumLibrary">
<arg>xpath=//a[@href="/web/index.php/buzz/viewBuzz"]</arg>
<doc>Clicks a link identified by ``locator``.</doc>
<msg timestamp="20230610 00:09:04.319" level="INFO">Clicking link 'xpath=//a[@href="/web/index.php/buzz/viewBuzz"]'.</msg>
<status status="PASS" starttime="20230610 00:09:04.319" endtime="20230610 00:09:05.224"/>
</kw>
<kw name="Sleep" library="BuiltIn">
<arg>3</arg>
<doc>Pauses the test executed for the given time.</doc>
<msg timestamp="20230610 00:09:08.226" level="INFO">Slept 3 seconds</msg>
<status status="PASS" starttime="20230610 00:09:05.224" endtime="20230610 00:09:08.226"/>
</kw>
<kw name="Input Text" library="SeleniumLibrary">
<arg>xpath: //*[@id="Buzz Newsfeed"]/div/div[1]/div[1]/div[2]/form/div/textarea</arg>
<arg>${TextBox}</arg>
<doc>Types the given ``text`` into the text field identified by ``locator``.</doc>
<msg timestamp="20230610 00:09:08.226" level="INFO">Typing text 'This is the post i want to do' into text field 'xpath: //*[@id="Buzz Newsfeed"]/div/div[1]/div[1]/div[2]/form/div/textarea'.</msg>
<msg timestamp="20230610 00:09:08.548" level="INFO" html="true">&lt;/td&gt;&lt;/tr&gt;&lt;tr&gt;&lt;td colspan="3"&gt;&lt;a href="selenium-screenshot-2.png"&gt;&lt;img src="selenium-screenshot-2.png" width="800px"&gt;&lt;/a&gt;</msg>
<msg timestamp="20230610 00:09:08.554" level="FAIL">Element with locator 'xpath: //*[@id="Buzz Newsfeed"]/div/div[1]/div[1]/div[2]/form/div/textarea' not found.</msg>
<status status="FAIL" starttime="20230610 00:09:08.226" endtime="20230610 00:09:08.578"/>
</kw>
<kw name="Sleep" library="BuiltIn">
<arg>3</arg>
<doc>Pauses the test executed for the given time.</doc>
<status status="NOT RUN" starttime="20230610 00:09:08.578" endtime="20230610 00:09:08.578"/>
</kw>
<status status="FAIL" starttime="20230610 00:08:04.114" endtime="20230610 00:09:08.578"/>
</kw>
<tag>test</tag>
<status status="FAIL" starttime="20230610 00:08:04.114" endtime="20230610 00:09:08.579">Element with locator 'xpath: //*[@id="Buzz Newsfeed"]/div/div[1]/div[1]/div[2]/form/div/textarea' not found.</status>
</test>
<status status="FAIL" starttime="20230610 00:08:03.727" endtime="20230610 00:09:08.582"/>
</suite>
<statistics>
<total>
<stat pass="0" fail="1" skip="0">All Tests</stat>
</total>
<tag>
<stat pass="0" fail="1" skip="0">test</stat>
</tag>
<suite>
<stat pass="0" fail="1" skip="0" id="s1" name="New">New</stat>
</suite>
</statistics>
<errors>
</errors>
</robot>
