<?xml version="1.0" encoding="UTF-8"?>
<robot generator="Robot 6.1 (Python 3.7.7 on win32)" generated="20230619 16:51:21.686" rpa="false" schemaversion="4">
<suite id="s1" name="New" source="C:\Users\monsh\Desktop\Automatisation\Orange-HRM-Automation\HRM\Tests\Newletter\New.robot">
<test id="s1-t1" name=" Test the app" line="21">
<kw name="Go to NewLetter Page">
<arg>${textbox}</arg>
<kw name="Connexion" library="HrmLogic">
<arg>${VALID_CREDENTIALS.username}</arg>
<arg>${VALID_CREDENTIALS.password}</arg>
<kw name="Open HRM Browser" library="Commun">
<arg>${URL}</arg>
<arg>${Browser}</arg>
<kw name="Open Browser" library="SeleniumLibrary">
<arg>${URL}</arg>
<arg>${Browser}</arg>
<doc>Opens a new browser instance to the optional ``url``.</doc>
<msg timestamp="20230619 16:51:21.876" level="INFO">Opening browser 'chrome' to base url 'https://opensource-demo.orangehrmlive.com/'.</msg>
<msg timestamp="20230619 16:51:21.885" level="INFO">Executing: c:\users\monsh\appdata\local\programs\python\python37-32\lib\site-packages\selenium\webdriver\common\windows\selenium-manager.exe --browser chrome --output json</msg>
<status status="PASS" starttime="20230619 16:51:21.876" endtime="20230619 16:51:27.570"/>
</kw>
<kw name="Maximize Browser Window" library="SeleniumLibrary">
<doc>Maximizes current browser window.</doc>
<status status="PASS" starttime="20230619 16:51:27.570" endtime="20230619 16:51:27.692"/>
</kw>
<kw name="Sleep" library="BuiltIn">
<arg>3</arg>
<doc>Pauses the test executed for the given time.</doc>
<msg timestamp="20230619 16:51:30.699" level="INFO">Slept 3 seconds</msg>
<status status="PASS" starttime="20230619 16:51:27.693" endtime="20230619 16:51:30.699"/>
</kw>
<status status="PASS" starttime="20230619 16:51:21.876" endtime="20230619 16:51:30.699"/>
</kw>
<kw name="Click Element" library="SeleniumLibrary">
<arg>xpath: //*[contains(text(), "Username")]</arg>
<doc>Click the element identified by ``locator``.</doc>
<msg timestamp="20230619 16:51:30.699" level="INFO">Clicking element 'xpath: //*[contains(text(), "Username")]'.</msg>
<status status="PASS" starttime="20230619 16:51:30.699" endtime="20230619 16:51:30.740"/>
</kw>
<kw name="Input Text" library="SeleniumLibrary">
<arg>name=username</arg>
<arg>${USERNAME}</arg>
<doc>Types the given ``text`` into the text field identified by ``locator``.</doc>
<msg timestamp="20230619 16:51:30.741" level="INFO">Typing text 'Admin' into text field 'name=username'.</msg>
<status status="PASS" starttime="20230619 16:51:30.740" endtime="20230619 16:51:30.812"/>
</kw>
<kw name="Input Text" library="SeleniumLibrary">
<arg>password</arg>
<arg>${PASSWORD}</arg>
<doc>Types the given ``text`` into the text field identified by ``locator``.</doc>
<msg timestamp="20230619 16:51:30.812" level="INFO">Typing text 'admin123' into text field 'password'.</msg>
<status status="PASS" starttime="20230619 16:51:30.812" endtime="20230619 16:51:30.875"/>
</kw>
<kw name="Sleep" library="BuiltIn">
<arg>3</arg>
<doc>Pauses the test executed for the given time.</doc>
<msg timestamp="20230619 16:51:33.888" level="INFO">Slept 3 seconds</msg>
<status status="PASS" starttime="20230619 16:51:30.875" endtime="20230619 16:51:33.888"/>
</kw>
<kw name="Click Element" library="SeleniumLibrary">
<arg>xpath: /html/body/div/div[1]/div/div[1]/div/div[2]/div[2]/form/div[3]/button</arg>
<doc>Click the element identified by ``locator``.</doc>
<msg timestamp="20230619 16:51:33.888" level="INFO">Clicking element 'xpath: /html/body/div/div[1]/div/div[1]/div/div[2]/div[2]/form/div[3]/button'.</msg>
<status status="PASS" starttime="20230619 16:51:33.888" endtime="20230619 16:51:33.927"/>
</kw>
<kw name="Sleep" library="BuiltIn">
<arg>3</arg>
<doc>Pauses the test executed for the given time.</doc>
<msg timestamp="20230619 16:51:36.936" level="INFO">Slept 3 seconds</msg>
<status status="PASS" starttime="20230619 16:51:33.927" endtime="20230619 16:51:36.936"/>
</kw>
<status status="PASS" starttime="20230619 16:51:21.876" endtime="20230619 16:51:36.936"/>
</kw>
<kw name="Click Link" library="SeleniumLibrary">
<arg>xpath=//a[@href="/web/index.php/buzz/viewBuzz"]</arg>
<doc>Clicks a link identified by ``locator``.</doc>
<msg timestamp="20230619 16:51:36.938" level="INFO">Clicking link 'xpath=//a[@href="/web/index.php/buzz/viewBuzz"]'.</msg>
<status status="PASS" starttime="20230619 16:51:36.936" endtime="20230619 16:51:37.347"/>
</kw>
<kw name="Sleep" library="BuiltIn">
<arg>3</arg>
<doc>Pauses the test executed for the given time.</doc>
<msg timestamp="20230619 16:51:40.353" level="INFO">Slept 3 seconds</msg>
<status status="PASS" starttime="20230619 16:51:37.347" endtime="20230619 16:51:40.353"/>
</kw>
<kw name="Input Text" library="SeleniumLibrary">
<arg>class=oxd-buzz-post-input</arg>
<arg>${TextBox}</arg>
<doc>Types the given ``text`` into the text field identified by ``locator``.</doc>
<msg timestamp="20230619 16:51:40.354" level="INFO">Typing text 'This is the post i want to do' into text field 'class=oxd-buzz-post-input'.</msg>
<status status="PASS" starttime="20230619 16:51:40.353" endtime="20230619 16:51:40.442"/>
</kw>
<kw name="Sleep" library="BuiltIn">
<arg>3</arg>
<doc>Pauses the test executed for the given time.</doc>
<msg timestamp="20230619 16:51:43.457" level="INFO">Slept 3 seconds</msg>
<status status="PASS" starttime="20230619 16:51:40.442" endtime="20230619 16:51:43.457"/>
</kw>
<kw name="Click Element" library="SeleniumLibrary">
<arg>type=submit</arg>
<doc>Click the element identified by ``locator``.</doc>
<msg timestamp="20230619 16:51:43.457" level="INFO">Clicking element 'type=submit'.</msg>
<msg timestamp="20230619 16:51:43.650" level="INFO" html="true">&lt;/td&gt;&lt;/tr&gt;&lt;tr&gt;&lt;td colspan="3"&gt;&lt;a href="selenium-screenshot-12.png"&gt;&lt;img src="selenium-screenshot-12.png" width="800px"&gt;&lt;/a&gt;</msg>
<msg timestamp="20230619 16:51:43.650" level="FAIL">Element with locator 'type=submit' not found.</msg>
<status status="FAIL" starttime="20230619 16:51:43.457" endtime="20230619 16:51:43.655"/>
</kw>
<kw name="Sleep" library="BuiltIn">
<arg>3</arg>
<doc>Pauses the test executed for the given time.</doc>
<status status="NOT RUN" starttime="20230619 16:51:43.655" endtime="20230619 16:51:43.655"/>
</kw>
<status status="FAIL" starttime="20230619 16:51:21.876" endtime="20230619 16:51:43.655"/>
</kw>
<tag>test</tag>
<status status="FAIL" starttime="20230619 16:51:21.876" endtime="20230619 16:51:43.655">Element with locator 'type=submit' not found.</status>
</test>
<status status="FAIL" starttime="20230619 16:51:21.686" endtime="20230619 16:51:43.655"/>
</suite>
<statistics>
<total>
<stat pass="0" fail="1" skip="0">All Tests</stat>
</total>
<tag>
<stat pass="0" fail="1" skip="0">test</stat>
</tag>
<suite>
<stat pass="0" fail="1" skip="0" id="s1" name="New">New</stat>
</suite>
</statistics>
<errors>
</errors>
</robot>
